<?xml version="1.0" encoding="UTF-8"?>
<testsuite xmlns:xsi="http://www.w3.org/2001/XMLSchema-instance" xsi:noNamespaceSchemaLocation="https://maven.apache.org/surefire/maven-surefire-plugin/xsd/surefire-test-report.xsd" name="TestSuite" time="14.715" tests="4" errors="0" skipped="0" failures="1">
  <properties>
    <property name="java.runtime.name" value="Java(TM) SE Runtime Environment"/>
    <property name="sun.boot.library.path" value="C:\Program Files\Java\jdk1.8.0_221\jre\bin"/>
    <property name="java.vm.version" value="25.221-b11"/>
    <property name="user.country.format" value="UA"/>
    <property name="java.vm.vendor" value="Oracle Corporation"/>
    <property name="maven.multiModuleProjectDirectory" value="C:\Users\38093\IdeaProjects\REST-test-framework-template"/>
    <property name="java.vendor.url" value="http://java.oracle.com/"/>
    <property name="path.separator" value=";"/>
    <property name="guice.disable.misplaced.annotation.check" value="true"/>
    <property name="java.vm.name" value="Java HotSpot(TM) 64-Bit Server VM"/>
    <property name="file.encoding.pkg" value="sun.io"/>
    <property name="user.script" value=""/>
    <property name="user.country" value="RU"/>
    <property name="sun.java.launcher" value="SUN_STANDARD"/>
    <property name="sun.os.patch.level" value=""/>
    <property name="java.vm.specification.name" value="Java Virtual Machine Specification"/>
    <property name="user.dir" value="C:\Users\38093\IdeaProjects\REST-test-framework-template"/>
    <property name="java.runtime.version" value="1.8.0_221-b11"/>
    <property name="java.awt.graphicsenv" value="sun.awt.Win32GraphicsEnvironment"/>
    <property name="java.endorsed.dirs" value="C:\Program Files\Java\jdk1.8.0_221\jre\lib\endorsed"/>
    <property name="os.arch" value="amd64"/>
    <property name="java.io.tmpdir" value="C:\Users\38093\AppData\Local\Temp\"/>
    <property name="line.separator" value="&#10;"/>
    <property name="java.vm.specification.vendor" value="Oracle Corporation"/>
    <property name="user.variant" value=""/>
    <property name="os.name" value="Windows 10"/>
    <property name="classworlds.conf" value="C:\Program Files\Maven\bin\..\bin\m2.conf"/>
    <property name="sun.jnu.encoding" value="Cp1251"/>
    <property name="java.library.path" value="C:\Program Files\Java\jdk1.8.0_221\bin;C:\Windows\Sun\Java\bin;C:\Windows\system32;C:\Windows;C:\Program Files (x86)\Common Files\Oracle\Java\javapath;C:\Windows\system32;C:\Windows;C:\Windows\System32\Wbem;C:\Windows\System32\WindowsPowerShell\v1.0\;C:\Windows\System32\OpenSSH\;C:\Program Files\Git\cmd;C:\Program Files\Java\jdk1.8.0_221\bin;C:\Program Files\Maven\bin;C:\Program Files\allure-2.13.5\bin;C:\Users\38093\AppData\Local\Microsoft\WindowsApps;;C:\Users\38093\AppData\Local\Programs\Microsoft VS Code\bin;."/>
    <property name="maven.conf" value="C:\Program Files\Maven\bin\../conf"/>
    <property name="java.specification.name" value="Java Platform API Specification"/>
    <property name="java.class.version" value="52.0"/>
    <property name="sun.management.compiler" value="HotSpot 64-Bit Tiered Compilers"/>
    <property name="os.version" value="10.0"/>
    <property name="library.jansi.path" value="C:\Program Files\Maven\bin\..\lib\jansi-native"/>
    <property name="user.home" value="C:\Users\38093"/>
    <property name="user.timezone" value="Europe/Helsinki"/>
    <property name="java.awt.printerjob" value="sun.awt.windows.WPrinterJob"/>
    <property name="java.specification.version" value="1.8"/>
    <property name="file.encoding" value="Cp1251"/>
    <property name="user.name" value="38093"/>
    <property name="java.class.path" value="C:\Program Files\Maven\bin\..\boot\plexus-classworlds-2.6.0.jar"/>
    <property name="java.vm.specification.version" value="1.8"/>
    <property name="sun.arch.data.model" value="64"/>
    <property name="java.home" value="C:\Program Files\Java\jdk1.8.0_221\jre"/>
    <property name="sun.java.command" value="org.codehaus.plexus.classworlds.launcher.Launcher clean test"/>
    <property name="java.specification.vendor" value="Oracle Corporation"/>
    <property name="user.language" value="ru"/>
    <property name="awt.toolkit" value="sun.awt.windows.WToolkit"/>
    <property name="java.vm.info" value="mixed mode"/>
    <property name="java.version" value="1.8.0_221"/>
    <property name="java.ext.dirs" value="C:\Program Files\Java\jdk1.8.0_221\jre\lib\ext;C:\Windows\Sun\Java\lib\ext"/>
    <property name="sun.boot.class.path" value="C:\Program Files\Java\jdk1.8.0_221\jre\lib\resources.jar;C:\Program Files\Java\jdk1.8.0_221\jre\lib\rt.jar;C:\Program Files\Java\jdk1.8.0_221\jre\lib\sunrsasign.jar;C:\Program Files\Java\jdk1.8.0_221\jre\lib\jsse.jar;C:\Program Files\Java\jdk1.8.0_221\jre\lib\jce.jar;C:\Program Files\Java\jdk1.8.0_221\jre\lib\charsets.jar;C:\Program Files\Java\jdk1.8.0_221\jre\lib\jfr.jar;C:\Program Files\Java\jdk1.8.0_221\jre\classes"/>
    <property name="sun.stderr.encoding" value="cp866"/>
    <property name="java.vendor" value="Oracle Corporation"/>
    <property name="maven.home" value="C:\Program Files\Maven\bin\.."/>
    <property name="file.separator" value="\"/>
    <property name="java.vendor.url.bug" value="http://bugreport.sun.com/bugreport/"/>
    <property name="sun.cpu.endian" value="little"/>
    <property name="sun.io.unicode.encoding" value="UnicodeLittle"/>
    <property name="sun.stdout.encoding" value="cp866"/>
    <property name="sun.desktop" value="windows"/>
    <property name="sun.cpu.isalist" value="amd64"/>
  </properties>
  <testcase name="verifyGenreByID" classname="GenreServiseTest" time="3.394"/>
  <testcase name="checkAuthorEndpoints" classname="Tests" time="4.021"/>
  <testcase name="checkGenresEndpoints" classname="Tests" time="0.877">
    <failure message="&#10;Expecting ArrayList:&#10;  [&quot;Fairy tale&quot;,&#10;    &quot;Fantasy&quot;,&#10;    &quot;Biography/Autobiography&quot;,&#10;    &quot;Historical fiction&quot;,&#10;    &quot;Short story&quot;,&#10;    &quot;Mythopoeia&quot;,&#10;    &quot;Legend&quot;,&#10;    &quot;Suspense/Thriller&quot;,&#10;    &quot;Speech&quot;,&#10;    &quot;Folklore&quot;]&#10;to contain:&#10;  [&quot;Leggend&quot;]&#10;but could not find the following element(s):&#10;  [&quot;Leggend&quot;]&#10;" type="java.lang.AssertionError">java.lang.AssertionError: 

Expecting ArrayList:
  ["Fairy tale",
    "Fantasy",
    "Biography/Autobiography",
    "Historical fiction",
    "Short story",
    "Mythopoeia",
    "Legend",
    "Suspense/Thriller",
    "Speech",
    "Folklore"]
to contain:
  ["Leggend"]
but could not find the following element(s):
  ["Leggend"]

	at Tests.checkGenresEndpoints(Tests.java:17)
</failure>
    <system-out><![CDATA[Request URI:	http://localhost:8080/api/library/genres?orderType=desc
Request URI:	http://localhost:8080/api/library/genre/695
{
    "genreId": 695,
    "genreName": "Fantasy",
    "genreDescription": "Corporis eos possimus. Doloremque rerum aut eligendi suscipit incidunt repellendus qui. Rem sint sunt est recusandae ut aut."
}
Request URI:	http://localhost:8080/api/library/author/247/genres
[
    {
        "genreId": 695,
        "genreName": "Fantasy",
        "genreDescription": "Corporis eos possimus. Doloremque rerum aut eligendi suscipit incidunt repellendus qui. Rem sint sunt est recusandae ut aut."
    },
    {
        "genreId": 3879,
        "genreName": "Legend",
        "genreDescription": "Qui et voluptatem aut ut natus sit molestiae. Non consequuntur ut tempora sint harum. Animi perferendis similique rerum ut. Aut deleniti est quia. Corporis praesentium laudantium sed rerum."
    },
    {
        "genreId": 6065,
        "genreName": "Realistic fiction",
        "genreDescription": "Odio quod qui saepe. Sint magni dolor accusamus magnam non autem sed. Nemo molestiae veritatis maiores corporis ut perspiciatis qui. Molestiae rerum vitae dolorum qui. Illum natus molestiae quas in."
    },
    {
        "genreId": 6762,
        "genreName": "Western",
        "genreDescription": "Eum nam ut ducimus fugit et. Ipsum natus dolor. Quo nam debitis quasi sunt iste."
    },
    {
        "genreId": 9599,
        "genreName": "Classic",
        "genreDescription": "Odit voluptatem libero. Natus consequatur vel quo. Quod porro ad eaque dicta."
    }
]
Request URI:	http://localhost:8080/api/library/book/362/genre
{
    "genreId": 6762,
    "genreName": "Western",
    "genreDescription": "Eum nam ut ducimus fugit et. Ipsum natus dolor. Quo nam debitis quasi sunt iste."
}
Request URI:	http://localhost:8080/api/library/genres/search?query=Thriller
[
    {
        "genreId": 5692,
        "genreName": "Suspense/Thriller",
        "genreDescription": "Tempore et sit omnis quia. Magni iusto maxime. Nihil rerum harum asperiores ut ipsum. Quia nam incidunt minus. Sit et consequatur praesentium."
    }
]
Request URI:	http://localhost:8080/api/library/genre
{
    "genreId": 104,
    "genreName": "Chrildren's",
    "genreDescription": "About funny children and poor parents"
}
Request URI:	http://localhost:8080/api/library/genre
{
    "genreId": 104,
    "genreName": "Parent's",
    "genreDescription": "About difficulties in child-rearing"
}
Request URI:	http://localhost:8080/api/library/genre/104?forcibly=true

Request URI:	http://localhost:8080/api/library/genre/1?forcibly=true
{
    "timeStamp": "17:46:17.268 17-08-2021",
    "statusCode": 404,
    "error": "Not Found",
    "errorMessage": "Genre with 'genreId' = '1' doesn't exist!"
}
]]></system-out>
    <system-err><![CDATA[[main] ERROR io.qameta.allure.util.NamingUtils - Could not find parameter genreID
[main] ERROR io.qameta.allure.util.NamingUtils - Could not find parameter genreID
]]></system-err>
  </testcase>
  <testcase name="getAll" classname="Tests" time="1.077"/>
</testsuite>