<?xml version="1.0" encoding="UTF-8"?>
<!-- Generated by org.testng.reporters.JUnitReportReporter -->
<testsuite skipped="0" hostname="DESKTOP-HNRFIL6" name="GenreServiseTest" tests="1" failures="0" timestamp="2021-08-17T17:46:17 EEST" time="3.286" errors="0">
  <testcase name="verifyGenreByID" time="3.286" classname="GenreServiseTest"/>
  <system-out/>
</testsuite> <!-- GenreServiseTest -->
